2022-01-14 14:29:31	ERROR	middleware/logger.go:20	Key: 'RegisterUser.Email' Error:Field validation for 'Email' failed on the 'email' tag
2022-01-14 14:29:46	ERROR	middleware/logger.go:20	用户已存在
2022-01-14 14:29:53	ERROR	middleware/logger.go:20	用户已存在
2022-01-14 14:29:58	ERROR	middleware/logger.go:20	用户已存在
2022-01-14 14:35:44	INFO	middleware/logger.go:33	/api/v1/public/register	{"status": 200, "method": "POST", "path": "/api/v1/public/register", "query": "", "ip": "::1", "userAgent": "Paw/3.3.0 (Macintosh; OS X/10.15.6) GCDHTTPRequest", "latency": 0.013967792, "finishedAt": "2022-01-14 14:35:44"}
2022-01-14 14:37:04	INFO	middleware/logger.go:33	/api/v1/public/login	{"status": 200, "method": "POST", "path": "/api/v1/public/login", "query": "", "ip": "::1", "userAgent": "Paw/3.3.0 (Macintosh; OS X/10.15.6) GCDHTTPRequest", "latency": 0.008853941, "finishedAt": "2022-01-14 14:37:04"}
2022-01-14 14:38:58	INFO	middleware/logger.go:33	/api/v1/public/user/24fd138b-daf4-4ff3-970d-2a1095692236	{"status": 404, "method": "GET", "path": "/api/v1/public/user/24fd138b-daf4-4ff3-970d-2a1095692236", "query": "", "ip": "::1", "userAgent": "Paw/3.3.0 (Macintosh; OS X/10.15.6) GCDHTTPRequest", "latency": 0.000092928, "finishedAt": "2022-01-14 14:38:58"}
2022-01-14 14:40:23	INFO	middleware/logger.go:33	/api/v1/public/user/24fd138b-daf4-4ff3-970d-2a1095692236	{"status": 404, "method": "GET", "path": "/api/v1/public/user/24fd138b-daf4-4ff3-970d-2a1095692236", "query": "", "ip": "::1", "userAgent": "Paw/3.3.0 (Macintosh; OS X/10.15.6) GCDHTTPRequest", "latency": 0.00008544, "finishedAt": "2022-01-14 14:40:23"}
2022-01-14 14:40:24	INFO	middleware/logger.go:33	/api/v1/public/user/24fd138b-daf4-4ff3-970d-2a1095692236	{"status": 404, "method": "GET", "path": "/api/v1/public/user/24fd138b-daf4-4ff3-970d-2a1095692236", "query": "", "ip": "::1", "userAgent": "Paw/3.3.0 (Macintosh; OS X/10.15.6) GCDHTTPRequest", "latency": 0.000071189, "finishedAt": "2022-01-14 14:40:24"}
2022-01-14 14:40:28	INFO	middleware/logger.go:33	/api/v1/user/24fd138b-daf4-4ff3-970d-2a1095692236	{"status": 200, "method": "GET", "path": "/api/v1/user/24fd138b-daf4-4ff3-970d-2a1095692236", "query": "", "ip": "::1", "userAgent": "Paw/3.3.0 (Macintosh; OS X/10.15.6) GCDHTTPRequest", "latency": 0.001803065, "finishedAt": "2022-01-14 14:40:28"}
2022-01-14 14:41:05	INFO	middleware/logger.go:33	/api/v1/user/24fd138b-daf4-4ff3-970d-2a1095692236	{"status": 200, "method": "GET", "path": "/api/v1/user/24fd138b-daf4-4ff3-970d-2a1095692236", "query": "", "ip": "::1", "userAgent": "Paw/3.3.0 (Macintosh; OS X/10.15.6) GCDHTTPRequest", "latency": 0.000939602, "finishedAt": "2022-01-14 14:41:05"}
2022-01-14 14:41:20	INFO	middleware/logger.go:33	/api/v1/user	{"status": 200, "method": "GET", "path": "/api/v1/user", "query": "", "ip": "::1", "userAgent": "Paw/3.3.0 (Macintosh; OS X/10.15.6) GCDHTTPRequest", "latency": 0.003015544, "finishedAt": "2022-01-14 14:41:20"}
2022-01-14 15:07:32	ERROR	middleware/logger.go:20	授权头信息为空
2022-01-14 15:07:58	INFO	middleware/logger.go:33	/api/v1/change/password	{"status": 200, "method": "POST", "path": "/api/v1/change/password", "query": "", "ip": "::1", "userAgent": "Paw/3.3.0 (Macintosh; OS X/10.15.6) GCDHTTPRequest", "latency": 0.017255671, "finishedAt": "2022-01-14 15:07:58"}
2022-01-14 15:08:07	ERROR	middleware/logger.go:20	密码不正确
2022-01-14 15:08:12	INFO	middleware/logger.go:33	/api/v1/public/login	{"status": 200, "method": "POST", "path": "/api/v1/public/login", "query": "", "ip": "::1", "userAgent": "Paw/3.3.0 (Macintosh; OS X/10.15.6) GCDHTTPRequest", "latency": 0.005786476, "finishedAt": "2022-01-14 15:08:12"}
2022-01-14 15:08:49	INFO	middleware/logger.go:33	/api/v1/reset/password	{"status": 404, "method": "POST", "path": "/api/v1/reset/password", "query": "", "ip": "::1", "userAgent": "Paw/3.3.0 (Macintosh; OS X/10.15.6) GCDHTTPRequest", "latency": 0.000793438, "finishedAt": "2022-01-14 15:08:49"}
2022-01-14 15:09:15	INFO	middleware/logger.go:33	/api/v1/reset/24fd138b-daf4-4ff3-970d-2a1095692236/password	{"status": 200, "method": "POST", "path": "/api/v1/reset/24fd138b-daf4-4ff3-970d-2a1095692236/password", "query": "", "ip": "::1", "userAgent": "Paw/3.3.0 (Macintosh; OS X/10.15.6) GCDHTTPRequest", "latency": 0.008697599, "finishedAt": "2022-01-14 15:09:15"}
2022-01-14 15:09:23	INFO	middleware/logger.go:33	/api/v1/reset/24fd138b-daf4-4ff3-970d-2a1095692236/password	{"status": 200, "method": "POST", "path": "/api/v1/reset/24fd138b-daf4-4ff3-970d-2a1095692236/password", "query": "", "ip": "::1", "userAgent": "Paw/3.3.0 (Macintosh; OS X/10.15.6) GCDHTTPRequest", "latency": 0.008149525, "finishedAt": "2022-01-14 15:09:23"}
2022-01-14 15:09:31	INFO	middleware/logger.go:33	/api/v1/public/login	{"status": 200, "method": "POST", "path": "/api/v1/public/login", "query": "", "ip": "::1", "userAgent": "Paw/3.3.0 (Macintosh; OS X/10.15.6) GCDHTTPRequest", "latency": 0.007631447, "finishedAt": "2022-01-14 15:09:31"}
2022-01-14 15:09:36	ERROR	middleware/logger.go:20	密码不正确
2022-01-14 15:10:06	INFO	middleware/logger.go:33	/api/v1/me	{"status": 200, "method": "GET", "path": "/api/v1/me", "query": "", "ip": "::1", "userAgent": "Paw/3.3.0 (Macintosh; OS X/10.15.6) GCDHTTPRequest", "latency": 0.000208409, "finishedAt": "2022-01-14 15:10:06"}
2022-01-14 15:10:26	INFO	middleware/logger.go:33	/api/v1/me	{"status": 200, "method": "GET", "path": "/api/v1/me", "query": "", "ip": "::1", "userAgent": "Paw/3.3.0 (Macintosh; OS X/10.15.6) GCDHTTPRequest", "latency": 0.000152979, "finishedAt": "2022-01-14 15:10:26"}
2022-01-14 15:10:32	INFO	middleware/logger.go:33	/api/v1/me	{"status": 200, "method": "GET", "path": "/api/v1/me", "query": "", "ip": "::1", "userAgent": "Paw/3.3.0 (Macintosh; OS X/10.15.6) GCDHTTPRequest", "latency": 0.000157902, "finishedAt": "2022-01-14 15:10:32"}
2022-01-14 15:11:29	INFO	middleware/logger.go:33	/api/v1/user/24fd138b-daf4-4ff3-970d-2a1095692236	{"status": 200, "method": "PUT", "path": "/api/v1/user/24fd138b-daf4-4ff3-970d-2a1095692236", "query": "", "ip": "::1", "userAgent": "Paw/3.3.0 (Macintosh; OS X/10.15.6) GCDHTTPRequest", "latency": 0.003853144, "finishedAt": "2022-01-14 15:11:29"}
2022-01-14 15:11:49	INFO	middleware/logger.go:33	/api/v1/user/24fd138b-daf4-4ff3-970d-2a1095692236	{"status": 200, "method": "PUT", "path": "/api/v1/user/24fd138b-daf4-4ff3-970d-2a1095692236", "query": "", "ip": "::1", "userAgent": "Paw/3.3.0 (Macintosh; OS X/10.15.6) GCDHTTPRequest", "latency": 0.00828722, "finishedAt": "2022-01-14 15:11:49"}
2022-01-14 15:12:03	INFO	middleware/logger.go:33	/api/v1/user/24fd138b-daf4-4ff3-970d-2a1095692236	{"status": 200, "method": "PUT", "path": "/api/v1/user/24fd138b-daf4-4ff3-970d-2a1095692236", "query": "", "ip": "::1", "userAgent": "Paw/3.3.0 (Macintosh; OS X/10.15.6) GCDHTTPRequest", "latency": 0.004003547, "finishedAt": "2022-01-14 15:12:03"}
2022-01-14 15:12:32	INFO	middleware/logger.go:33	/api/v1/user/24fd138b-daf4-4ff3-970d-2a1095692236	{"status": 200, "method": "PUT", "path": "/api/v1/user/24fd138b-daf4-4ff3-970d-2a1095692236", "query": "", "ip": "::1", "userAgent": "Paw/3.3.0 (Macintosh; OS X/10.15.6) GCDHTTPRequest", "latency": 0.003081782, "finishedAt": "2022-01-14 15:12:32"}
2022-01-14 15:12:53	INFO	middleware/logger.go:33	/api/v1/user/24fd138b-daf4-4ff3-970d-2a1095692236	{"status": 200, "method": "PUT", "path": "/api/v1/user/24fd138b-daf4-4ff3-970d-2a1095692236", "query": "", "ip": "::1", "userAgent": "Paw/3.3.0 (Macintosh; OS X/10.15.6) GCDHTTPRequest", "latency": 0.003931112, "finishedAt": "2022-01-14 15:12:53"}
2022-01-14 15:13:57	INFO	middleware/logger.go:33	/api/v1/user/24fd138b-daf4-4ff3-970d-2a1095692236	{"status": 200, "method": "PUT", "path": "/api/v1/user/24fd138b-daf4-4ff3-970d-2a1095692236", "query": "", "ip": "::1", "userAgent": "Paw/3.3.0 (Macintosh; OS X/10.15.6) GCDHTTPRequest", "latency": 3.70780003, "finishedAt": "2022-01-14 15:13:57"}
2022-01-14 15:15:31	INFO	middleware/logger.go:33	/api/v1/active/user	{"status": 204, "method": "POST", "path": "/api/v1/active/user", "query": "", "ip": "::1", "userAgent": "Paw/3.3.0 (Macintosh; OS X/10.15.6) GCDHTTPRequest", "latency": 0.0052068, "finishedAt": "2022-01-14 15:15:31"}
2022-01-14 15:15:52	INFO	middleware/logger.go:33	/api/v1/active/user	{"status": 204, "method": "DELETE", "path": "/api/v1/active/user", "query": "", "ip": "::1", "userAgent": "Paw/3.3.0 (Macintosh; OS X/10.15.6) GCDHTTPRequest", "latency": 0.007727269, "finishedAt": "2022-01-14 15:15:52"}
2022-01-14 15:16:00	INFO	middleware/logger.go:33	/api/v1/active/user	{"status": 204, "method": "POST", "path": "/api/v1/active/user", "query": "", "ip": "::1", "userAgent": "Paw/3.3.0 (Macintosh; OS X/10.15.6) GCDHTTPRequest", "latency": 0.004304999, "finishedAt": "2022-01-14 15:16:00"}
2022-01-14 15:16:07	ERROR	middleware/logger.go:20	密码不正确
2022-01-14 15:16:12	INFO	middleware/logger.go:33	/api/v1/public/login	{"status": 200, "method": "POST", "path": "/api/v1/public/login", "query": "", "ip": "::1", "userAgent": "Paw/3.3.0 (Macintosh; OS X/10.15.6) GCDHTTPRequest", "latency": 0.005977504, "finishedAt": "2022-01-14 15:16:12"}
2022-01-14 15:16:19	INFO	middleware/logger.go:33	/api/v1/active/user	{"status": 204, "method": "DELETE", "path": "/api/v1/active/user", "query": "", "ip": "::1", "userAgent": "Paw/3.3.0 (Macintosh; OS X/10.15.6) GCDHTTPRequest", "latency": 0.003056164, "finishedAt": "2022-01-14 15:16:19"}
2022-01-14 15:16:22	ERROR	middleware/logger.go:20	用户未激活
2022-01-14 15:16:26	INFO	middleware/logger.go:33	/api/v1/active/user	{"status": 204, "method": "POST", "path": "/api/v1/active/user", "query": "", "ip": "::1", "userAgent": "Paw/3.3.0 (Macintosh; OS X/10.15.6) GCDHTTPRequest", "latency": 0.001598582, "finishedAt": "2022-01-14 15:16:26"}
2022-01-14 15:18:48	ERROR	middleware/logger.go:20	record not found
2022-01-14 15:27:17	ERROR	middleware/logger.go:20	json: cannot unmarshal string into Go struct field NewCategory.parentID of type int64
2022-01-14 15:27:31	INFO	middleware/logger.go:33	/api/v1/category	{"status": 200, "method": "POST", "path": "/api/v1/category", "query": "", "ip": "::1", "userAgent": "Paw/3.3.0 (Macintosh; OS X/10.15.6) GCDHTTPRequest", "latency": 0.013569506, "finishedAt": "2022-01-14 15:27:31"}
2022-01-14 15:28:19	INFO	middleware/logger.go:33	/api/v1/category/2	{"status": 404, "method": "POST", "path": "/api/v1/category/2", "query": "", "ip": "::1", "userAgent": "Paw/3.3.0 (Macintosh; OS X/10.15.6) GCDHTTPRequest", "latency": 0.000200739, "finishedAt": "2022-01-14 15:28:19"}
2022-01-14 15:28:38	INFO	middleware/logger.go:33	/api/v1/category/2	{"status": 200, "method": "PUT", "path": "/api/v1/category/2", "query": "", "ip": "::1", "userAgent": "Paw/3.3.0 (Macintosh; OS X/10.15.6) GCDHTTPRequest", "latency": 0.003954938, "finishedAt": "2022-01-14 15:28:38"}
2022-01-14 15:29:01	INFO	middleware/logger.go:33	/api/v1/category/2	{"status": 200, "method": "PUT", "path": "/api/v1/category/2", "query": "", "ip": "::1", "userAgent": "Paw/3.3.0 (Macintosh; OS X/10.15.6) GCDHTTPRequest", "latency": 0.004432403, "finishedAt": "2022-01-14 15:29:01"}
2022-01-14 15:29:36	INFO	middleware/logger.go:33	/api/v1/public/category	{"status": 200, "method": "GET", "path": "/api/v1/public/category", "query": "", "ip": "::1", "userAgent": "Paw/3.3.0 (Macintosh; OS X/10.15.6) GCDHTTPRequest", "latency": 0.004660218, "finishedAt": "2022-01-14 15:29:36"}
2022-01-14 15:29:56	INFO	middleware/logger.go:33	/api/v1/public/category/2	{"status": 200, "method": "GET", "path": "/api/v1/public/category/2", "query": "", "ip": "::1", "userAgent": "Paw/3.3.0 (Macintosh; OS X/10.15.6) GCDHTTPRequest", "latency": 0.00389181, "finishedAt": "2022-01-14 15:29:56"}
2022-01-14 15:36:17	ERROR	middleware/logger.go:20	Error 1452: Cannot add or update a child row: a foreign key constraint fails (`foo`.`posts`, CONSTRAINT `fk_posts_user` FOREIGN KEY (`user_id`) REFERENCES `users` (`id`))
2022-01-14 15:37:24	ERROR	middleware/logger.go:20	Error 1452: Cannot add or update a child row: a foreign key constraint fails (`foo`.`posts`, CONSTRAINT `fk_posts_user` FOREIGN KEY (`user_id`) REFERENCES `users` (`id`))
2022-01-14 15:38:26	ERROR	middleware/logger.go:20	Error 1452: Cannot add or update a child row: a foreign key constraint fails (`foo`.`posts`, CONSTRAINT `fk_posts_user` FOREIGN KEY (`user_id`) REFERENCES `users` (`id`))
2022-01-14 15:38:26	INFO	middleware/logger.go:33	/api/v1/public/register	{"status": 200, "method": "POST", "path": "/api/v1/public/register", "query": "", "ip": "::1", "userAgent": "Paw/3.3.0 (Macintosh; OS X/10.15.6) GCDHTTPRequest", "latency": 0.015046812, "finishedAt": "2022-01-14 15:38:26"}
2022-01-14 15:39:08	INFO	middleware/logger.go:33	/api/v1/post	{"status": 200, "method": "POST", "path": "/api/v1/post", "query": "", "ip": "::1", "userAgent": "Paw/3.3.0 (Macintosh; OS X/10.15.6) GCDHTTPRequest", "latency": 3.480764491, "finishedAt": "2022-01-14 15:39:08"}
2022-01-14 15:39:56	INFO	middleware/logger.go:33	/api/v1/post/02c159b6-f3ef-471f-9388-a65305dec827	{"status": 200, "method": "PUT", "path": "/api/v1/post/02c159b6-f3ef-471f-9388-a65305dec827", "query": "", "ip": "::1", "userAgent": "Paw/3.3.0 (Macintosh; OS X/10.15.6) GCDHTTPRequest", "latency": 0.008185928, "finishedAt": "2022-01-14 15:39:56"}
2022-01-14 15:40:47	INFO	middleware/logger.go:33	/api/v1/public/post/02c159b6-f3ef-471f-9388-a65305dec827	{"status": 404, "method": "GET", "path": "/api/v1/public/post/02c159b6-f3ef-471f-9388-a65305dec827", "query": "", "ip": "::1", "userAgent": "Paw/3.3.0 (Macintosh; OS X/10.15.6) GCDHTTPRequest", "latency": 0.000119592, "finishedAt": "2022-01-14 15:40:47"}
2022-01-14 15:41:23	INFO	middleware/logger.go:33	/api/v1/public/post/02c159b6-f3ef-471f-9388-a65305dec827	{"status": 404, "method": "GET", "path": "/api/v1/public/post/02c159b6-f3ef-471f-9388-a65305dec827", "query": "", "ip": "::1", "userAgent": "Paw/3.3.0 (Macintosh; OS X/10.15.6) GCDHTTPRequest", "latency": 0.000116442, "finishedAt": "2022-01-14 15:41:23"}
2022-01-14 15:41:36	INFO	middleware/logger.go:33	/api/v1/public/post/02c159b6-f3ef-471f-9388-a65305dec827	{"status": 404, "method": "GET", "path": "/api/v1/public/post/02c159b6-f3ef-471f-9388-a65305dec827", "query": "", "ip": "::1", "userAgent": "Paw/3.3.0 (Macintosh; OS X/10.15.6) GCDHTTPRequest", "latency": 0.00009528, "finishedAt": "2022-01-14 15:41:36"}
2022-01-14 15:41:38	INFO	middleware/logger.go:33	/api/v1/public/post/02c159b6-f3ef-471f-9388-a65305dec827	{"status": 404, "method": "GET", "path": "/api/v1/public/post/02c159b6-f3ef-471f-9388-a65305dec827", "query": "", "ip": "::1", "userAgent": "Paw/3.3.0 (Macintosh; OS X/10.15.6) GCDHTTPRequest", "latency": 0.000087647, "finishedAt": "2022-01-14 15:41:38"}
2022-01-14 15:41:51	INFO	middleware/logger.go:33	/api/v1/public/post/02c159b6-f3ef-471f-9388-a65305dec827	{"status": 404, "method": "GET", "path": "/api/v1/public/post/02c159b6-f3ef-471f-9388-a65305dec827", "query": "", "ip": "::1", "userAgent": "Paw/3.3.0 (Macintosh; OS X/10.15.6) GCDHTTPRequest", "latency": 0.0001452, "finishedAt": "2022-01-14 15:41:51"}
2022-01-14 15:42:19	INFO	middleware/logger.go:33	/api/v1/public/post/02c159b6-f3ef-471f-9388-a65305dec827	{"status": 200, "method": "GET", "path": "/api/v1/public/post/02c159b6-f3ef-471f-9388-a65305dec827", "query": "", "ip": "::1", "userAgent": "Paw/3.3.0 (Macintosh; OS X/10.15.6) GCDHTTPRequest", "latency": 0.001939213, "finishedAt": "2022-01-14 15:42:19"}
2022-01-14 15:42:43	INFO	middleware/logger.go:33	/api/v1/public/post	{"status": 200, "method": "GET", "path": "/api/v1/public/post", "query": "", "ip": "::1", "userAgent": "Paw/3.3.0 (Macintosh; OS X/10.15.6) GCDHTTPRequest", "latency": 0.002354252, "finishedAt": "2022-01-14 15:42:43"}
2022-01-14 15:42:51	INFO	middleware/logger.go:33	/api/v1/public/post	{"status": 200, "method": "GET", "path": "/api/v1/public/post", "query": "", "ip": "::1", "userAgent": "Paw/3.3.0 (Macintosh; OS X/10.15.6) GCDHTTPRequest", "latency": 0.001505231, "finishedAt": "2022-01-14 15:42:51"}
2022-01-14 15:43:15	INFO	middleware/logger.go:33	/api/v1/category	{"status": 200, "method": "POST", "path": "/api/v1/category", "query": "", "ip": "::1", "userAgent": "Paw/3.3.0 (Macintosh; OS X/10.15.6) GCDHTTPRequest", "latency": 0.009007348, "finishedAt": "2022-01-14 15:43:15"}
2022-01-14 15:43:20	INFO	middleware/logger.go:33	/api/v1/public/category/2	{"status": 200, "method": "GET", "path": "/api/v1/public/category/2", "query": "", "ip": "::1", "userAgent": "Paw/3.3.0 (Macintosh; OS X/10.15.6) GCDHTTPRequest", "latency": 0.004106957, "finishedAt": "2022-01-14 15:43:20"}
2022-01-14 15:43:40	INFO	middleware/logger.go:33	/api/v1/category	{"status": 200, "method": "POST", "path": "/api/v1/category", "query": "", "ip": "::1", "userAgent": "Paw/3.3.0 (Macintosh; OS X/10.15.6) GCDHTTPRequest", "latency": 0.007309236, "finishedAt": "2022-01-14 15:43:40"}
2022-01-14 15:43:44	INFO	middleware/logger.go:33	/api/v1/public/category/2	{"status": 200, "method": "GET", "path": "/api/v1/public/category/2", "query": "", "ip": "::1", "userAgent": "Paw/3.3.0 (Macintosh; OS X/10.15.6) GCDHTTPRequest", "latency": 0.003876546, "finishedAt": "2022-01-14 15:43:44"}
2022-01-14 15:44:35	INFO	middleware/logger.go:33	/api/v1/category	{"status": 200, "method": "POST", "path": "/api/v1/category", "query": "", "ip": "::1", "userAgent": "Paw/3.3.0 (Macintosh; OS X/10.15.6) GCDHTTPRequest", "latency": 0.009701775, "finishedAt": "2022-01-14 15:44:35"}
2022-01-14 15:44:39	INFO	middleware/logger.go:33	/api/v1/public/category/2	{"status": 200, "method": "GET", "path": "/api/v1/public/category/2", "query": "", "ip": "::1", "userAgent": "Paw/3.3.0 (Macintosh; OS X/10.15.6) GCDHTTPRequest", "latency": 0.002614375, "finishedAt": "2022-01-14 15:44:39"}
2022-01-14 15:47:35	ERROR	middleware/logger.go:20	授权头信息为空
2022-01-14 15:47:53	ERROR	middleware/logger.go:20	授权头信息为空
2022-01-14 15:48:14	INFO	middleware/logger.go:33	/api/v1/category/to/5	{"status": 204, "method": "POST", "path": "/api/v1/category/to/5", "query": "", "ip": "::1", "userAgent": "Paw/3.3.0 (Macintosh; OS X/10.15.6) GCDHTTPRequest", "latency": 0.012224997, "finishedAt": "2022-01-14 15:48:14"}
2022-01-14 15:48:19	INFO	middleware/logger.go:33	/api/v1/public/category/2	{"status": 200, "method": "GET", "path": "/api/v1/public/category/2", "query": "", "ip": "::1", "userAgent": "Paw/3.3.0 (Macintosh; OS X/10.15.6) GCDHTTPRequest", "latency": 0.005348149, "finishedAt": "2022-01-14 15:48:19"}
2022-01-14 15:48:29	INFO	middleware/logger.go:33	/api/v1/public/category/2	{"status": 200, "method": "GET", "path": "/api/v1/public/category/2", "query": "", "ip": "::1", "userAgent": "Paw/3.3.0 (Macintosh; OS X/10.15.6) GCDHTTPRequest", "latency": 0.005120229, "finishedAt": "2022-01-14 15:48:29"}
2022-01-14 15:49:00	ERROR	middleware/logger.go:20	failed to move 5 to 4
2022-01-14 15:50:36	INFO	middleware/logger.go:33	/api/v1/category	{"status": 200, "method": "POST", "path": "/api/v1/category", "query": "", "ip": "::1", "userAgent": "Paw/3.3.0 (Macintosh; OS X/10.15.6) GCDHTTPRequest", "latency": 0.012759983, "finishedAt": "2022-01-14 15:50:36"}
2022-01-14 15:50:42	INFO	middleware/logger.go:33	/api/v1/category	{"status": 200, "method": "POST", "path": "/api/v1/category", "query": "", "ip": "::1", "userAgent": "Paw/3.3.0 (Macintosh; OS X/10.15.6) GCDHTTPRequest", "latency": 0.008357312, "finishedAt": "2022-01-14 15:50:42"}
2022-01-14 15:50:47	INFO	middleware/logger.go:33	/api/v1/category	{"status": 200, "method": "POST", "path": "/api/v1/category", "query": "", "ip": "::1", "userAgent": "Paw/3.3.0 (Macintosh; OS X/10.15.6) GCDHTTPRequest", "latency": 0.008012086, "finishedAt": "2022-01-14 15:50:47"}
2022-01-14 15:50:53	INFO	middleware/logger.go:33	/api/v1/category	{"status": 200, "method": "POST", "path": "/api/v1/category", "query": "", "ip": "::1", "userAgent": "Paw/3.3.0 (Macintosh; OS X/10.15.6) GCDHTTPRequest", "latency": 0.00824507, "finishedAt": "2022-01-14 15:50:53"}
2022-01-14 15:50:59	INFO	middleware/logger.go:33	/api/v1/category	{"status": 200, "method": "POST", "path": "/api/v1/category", "query": "", "ip": "::1", "userAgent": "Paw/3.3.0 (Macintosh; OS X/10.15.6) GCDHTTPRequest", "latency": 0.007741889, "finishedAt": "2022-01-14 15:50:59"}
2022-01-14 15:51:08	INFO	middleware/logger.go:33	/api/v1/public/category/2	{"status": 200, "method": "GET", "path": "/api/v1/public/category/2", "query": "", "ip": "::1", "userAgent": "Paw/3.3.0 (Macintosh; OS X/10.15.6) GCDHTTPRequest", "latency": 0.01086534, "finishedAt": "2022-01-14 15:51:08"}
2022-01-14 15:51:31	INFO	middleware/logger.go:33	/api/v1/category	{"status": 200, "method": "POST", "path": "/api/v1/category", "query": "", "ip": "::1", "userAgent": "Paw/3.3.0 (Macintosh; OS X/10.15.6) GCDHTTPRequest", "latency": 0.00856412, "finishedAt": "2022-01-14 15:51:31"}
2022-01-14 15:51:33	INFO	middleware/logger.go:33	/api/v1/public/category/2	{"status": 200, "method": "GET", "path": "/api/v1/public/category/2", "query": "", "ip": "::1", "userAgent": "Paw/3.3.0 (Macintosh; OS X/10.15.6) GCDHTTPRequest", "latency": 0.002480029, "finishedAt": "2022-01-14 15:51:33"}
2022-01-14 15:51:51	INFO	middleware/logger.go:33	/api/v1/category/to/7	{"status": 204, "method": "POST", "path": "/api/v1/category/to/7", "query": "", "ip": "::1", "userAgent": "Paw/3.3.0 (Macintosh; OS X/10.15.6) GCDHTTPRequest", "latency": 0.008040102, "finishedAt": "2022-01-14 15:51:51"}
2022-01-14 15:51:55	INFO	middleware/logger.go:33	/api/v1/public/category/2	{"status": 200, "method": "GET", "path": "/api/v1/public/category/2", "query": "", "ip": "::1", "userAgent": "Paw/3.3.0 (Macintosh; OS X/10.15.6) GCDHTTPRequest", "latency": 0.003002474, "finishedAt": "2022-01-14 15:51:55"}
2022-01-14 15:52:07	INFO	middleware/logger.go:33	/api/v1/category/to/3	{"status": 204, "method": "POST", "path": "/api/v1/category/to/3", "query": "", "ip": "::1", "userAgent": "Paw/3.3.0 (Macintosh; OS X/10.15.6) GCDHTTPRequest", "latency": 0.011404567, "finishedAt": "2022-01-14 15:52:07"}
2022-01-14 15:52:10	INFO	middleware/logger.go:33	/api/v1/public/category/2	{"status": 200, "method": "GET", "path": "/api/v1/public/category/2", "query": "", "ip": "::1", "userAgent": "Paw/3.3.0 (Macintosh; OS X/10.15.6) GCDHTTPRequest", "latency": 0.00404305, "finishedAt": "2022-01-14 15:52:10"}
2022-01-14 15:52:23	ERROR	middleware/logger.go:20	Error 1452: Cannot add or update a child row: a foreign key constraint fails (`foo`.`posts`, CONSTRAINT `fk_posts_user` FOREIGN KEY (`user_id`) REFERENCES `users` (`id`))
2022-01-14 15:52:37	INFO	middleware/logger.go:33	/api/v1/public/register	{"status": 200, "method": "POST", "path": "/api/v1/public/register", "query": "", "ip": "::1", "userAgent": "Paw/3.3.0 (Macintosh; OS X/10.15.6) GCDHTTPRequest", "latency": 0.007268875, "finishedAt": "2022-01-14 15:52:37"}
2022-01-14 15:52:56	INFO	middleware/logger.go:33	/api/v1/post	{"status": 200, "method": "POST", "path": "/api/v1/post", "query": "", "ip": "::1", "userAgent": "Paw/3.3.0 (Macintosh; OS X/10.15.6) GCDHTTPRequest", "latency": 0.002800151, "finishedAt": "2022-01-14 15:52:56"}
2022-01-14 15:53:19	ERROR	middleware/logger.go:20	授权头信息为空
2022-01-14 15:53:35	ERROR	middleware/logger.go:20	json: cannot unmarshal string into Go struct field IOCategory.categoryID of type uint
2022-01-14 15:53:50	INFO	middleware/logger.go:33	/api/v1/category/post	{"status": 200, "method": "POST", "path": "/api/v1/category/post", "query": "", "ip": "::1", "userAgent": "Paw/3.3.0 (Macintosh; OS X/10.15.6) GCDHTTPRequest", "latency": 0.00606603, "finishedAt": "2022-01-14 15:53:50"}
2022-01-14 15:53:57	INFO	middleware/logger.go:33	/api/v1/public/category/2	{"status": 200, "method": "GET", "path": "/api/v1/public/category/2", "query": "", "ip": "::1", "userAgent": "Paw/3.3.0 (Macintosh; OS X/10.15.6) GCDHTTPRequest", "latency": 0.005515236, "finishedAt": "2022-01-14 15:53:57"}
2022-01-14 15:54:53	ERROR	middleware/logger.go:20	授权头信息为空
2022-01-14 15:55:09	ERROR	middleware/logger.go:20	Error 1690: BIGINT UNSIGNED value is out of range in '(`foo`.`categories`.`amount` - ?)'
2022-01-14 15:55:58	INFO	middleware/logger.go:33	/api/v1/category/post	{"status": 200, "method": "DELETE", "path": "/api/v1/category/post", "query": "", "ip": "::1", "userAgent": "Paw/3.3.0 (Macintosh; OS X/10.15.6) GCDHTTPRequest", "latency": 0.005156904, "finishedAt": "2022-01-14 15:55:58"}
2022-01-14 15:57:44	INFO	middleware/logger.go:33	/api/v1/category/post	{"status": 200, "method": "POST", "path": "/api/v1/category/post", "query": "", "ip": "::1", "userAgent": "Paw/3.3.0 (Macintosh; OS X/10.15.6) GCDHTTPRequest", "latency": 31.89435128, "finishedAt": "2022-01-14 15:57:44"}
2022-01-14 15:57:57	INFO	middleware/logger.go:33	/api/v1/category/post	{"status": 200, "method": "DELETE", "path": "/api/v1/category/post", "query": "", "ip": "::1", "userAgent": "Paw/3.3.0 (Macintosh; OS X/10.15.6) GCDHTTPRequest", "latency": 0.005636572, "finishedAt": "2022-01-14 15:57:57"}
2022-01-14 15:58:18	INFO	middleware/logger.go:33	/api/v1/category/post	{"status": 200, "method": "POST", "path": "/api/v1/category/post", "query": "", "ip": "::1", "userAgent": "Paw/3.3.0 (Macintosh; OS X/10.15.6) GCDHTTPRequest", "latency": 3.936248139, "finishedAt": "2022-01-14 15:58:18"}
2022-01-14 15:58:32	INFO	middleware/logger.go:33	/api/v1/public/category	{"status": 200, "method": "GET", "path": "/api/v1/public/category", "query": "", "ip": "::1", "userAgent": "Paw/3.3.0 (Macintosh; OS X/10.15.6) GCDHTTPRequest", "latency": 0.003397925, "finishedAt": "2022-01-14 15:58:32"}
2022-01-14 15:58:49	ERROR	middleware/logger.go:20	授权头信息为空
2022-01-14 15:59:12	INFO	middleware/logger.go:33	/api/v1/category/post	{"status": 200, "method": "PUT", "path": "/api/v1/category/post", "query": "", "ip": "::1", "userAgent": "Paw/3.3.0 (Macintosh; OS X/10.15.6) GCDHTTPRequest", "latency": 0.008552304, "finishedAt": "2022-01-14 15:59:12"}
2022-01-14 15:59:22	INFO	middleware/logger.go:33	/api/v1/public/category/2	{"status": 200, "method": "GET", "path": "/api/v1/public/category/2", "query": "", "ip": "::1", "userAgent": "Paw/3.3.0 (Macintosh; OS X/10.15.6) GCDHTTPRequest", "latency": 0.002594329, "finishedAt": "2022-01-14 15:59:22"}
2022-01-14 15:59:32	INFO	middleware/logger.go:33	/api/v1/public/category/3	{"status": 200, "method": "GET", "path": "/api/v1/public/category/3", "query": "", "ip": "::1", "userAgent": "Paw/3.3.0 (Macintosh; OS X/10.15.6) GCDHTTPRequest", "latency": 0.003925994, "finishedAt": "2022-01-14 15:59:32"}
2022-01-14 15:59:42	INFO	middleware/logger.go:33	/api/v1/category/post	{"status": 200, "method": "PUT", "path": "/api/v1/category/post", "query": "", "ip": "::1", "userAgent": "Paw/3.3.0 (Macintosh; OS X/10.15.6) GCDHTTPRequest", "latency": 0.010755569, "finishedAt": "2022-01-14 15:59:42"}
2022-01-14 15:59:45	INFO	middleware/logger.go:33	/api/v1/public/category/3	{"status": 200, "method": "GET", "path": "/api/v1/public/category/3", "query": "", "ip": "::1", "userAgent": "Paw/3.3.0 (Macintosh; OS X/10.15.6) GCDHTTPRequest", "latency": 0.002618173, "finishedAt": "2022-01-14 15:59:45"}
2022-01-14 15:59:48	INFO	middleware/logger.go:33	/api/v1/public/category/2	{"status": 200, "method": "GET", "path": "/api/v1/public/category/2", "query": "", "ip": "::1", "userAgent": "Paw/3.3.0 (Macintosh; OS X/10.15.6) GCDHTTPRequest", "latency": 0.00387926, "finishedAt": "2022-01-14 15:59:48"}
2022-01-17 10:50:09	ERROR	middleware/logger.go:20	用户不存在
2022-01-18 10:05:01	ERROR	middleware/logger.go:20	record not found
2022-01-18 10:05:29	ERROR	middleware/logger.go:20	Error 1140: Mixing of GROUP columns (MIN(),MAX(),COUNT(),...) with no GROUP columns is illegal if there is no GROUP BY clause
2022-01-18 10:07:24	ERROR	middleware/logger.go:20	Error 1140: Mixing of GROUP columns (MIN(),MAX(),COUNT(),...) with no GROUP columns is illegal if there is no GROUP BY clause
2022-01-18 10:07:54	INFO	middleware/logger.go:33	/api/v1/public/post	{"status": 200, "method": "GET", "path": "/api/v1/public/post", "query": "", "ip": "127.0.0.1", "userAgent": "Paw/3.3.0 (Macintosh; OS X/10.15.6) GCDHTTPRequest", "latency": 0.001432484, "finishedAt": "2022-01-18 10:07:54"}
2022-01-18 10:08:09	INFO	middleware/logger.go:33	/api/v1/public/post	{"status": 200, "method": "GET", "path": "/api/v1/public/post", "query": "", "ip": "127.0.0.1", "userAgent": "Paw/3.3.0 (Macintosh; OS X/10.15.6) GCDHTTPRequest", "latency": 0.00143672, "finishedAt": "2022-01-18 10:08:09"}
2022-01-18 10:08:50	INFO	middleware/logger.go:33	/api/v1/public/post	{"status": 200, "method": "GET", "path": "/api/v1/public/post", "query": "", "ip": "127.0.0.1", "userAgent": "Paw/3.3.0 (Macintosh; OS X/10.15.6) GCDHTTPRequest", "latency": 0.002425108, "finishedAt": "2022-01-18 10:08:50"}
2022-01-18 10:08:59	ERROR	middleware/logger.go:20	Error 1140: Mixing of GROUP columns (MIN(),MAX(),COUNT(),...) with no GROUP columns is illegal if there is no GROUP BY clause
